# JRE version: OpenJDK Runtime Environment (8.0_172-b11) (build 1.8.0_172-b11)
# Java VM: OpenJDK 64-Bit Server VM (25.172-b11 mixed mode linux-amd64 compressed oops)
Heap:
 PSYoungGen      total 222208K, used 71420K [0x00000000f0000000, 0x0000000100000000, 0x0000000100000000)
  eden space 190464K, 23% used [0x00000000f0000000,0x00000000f2b73090,0x00000000fba00000)
  from space 31744K, 84% used [0x00000000fe100000,0x00000000ffb4c178,0x0000000100000000)
  to   space 35840K, 0% used [0x00000000fba00000,0x00000000fba00000,0x00000000fdd00000)
 ParOldGen       total 524288K, used 135013K [0x00000000d0000000, 0x00000000f0000000, 0x00000000f0000000)
  object space 524288K, 25% used [0x00000000d0000000,0x00000000d83d9508,0x00000000f0000000)
 Metaspace       used 78560K, capacity 83586K, committed 83736K, reserved 1122304K
  class space    used 9893K, capacity 11303K, committed 11304K, reserved 1048576K
GC Heap History (10 events):
Event: 767.764 GC heap before
{Heap before GC invocations=63 (full 3):
 PSYoungGen      total 222720K, used 187371K [0x00000000f0000000, 0x0000000100000000, 0x0000000100000000)
  eden space 185344K, 98% used [0x00000000f0000000,0x00000000fb2f85d0,0x00000000fb500000)
  from space 37376K, 10% used [0x00000000fb500000,0x00000000fb902680,0x00000000fd980000)
  to   space 35328K, 0% used [0x00000000fdd80000,0x00000000fdd80000,0x0000000100000000)
 ParOldGen       total 524288K, used 133827K [0x00000000d0000000, 0x00000000f0000000, 0x00000000f0000000)
  object space 524288K, 25% used [0x00000000d0000000,0x00000000d82b0ff0,0x00000000f0000000)
 Metaspace       used 74418K, capacity 79248K, committed 79384K, reserved 1118208K
  class space    used 9611K, capacity 10981K, committed 11048K, reserved 1048576K
Event: 767.777 GC heap after
Heap after GC invocations=63 (full 3):
 PSYoungGen      total 228864K, used 4184K [0x00000000f0000000, 0x0000000100000000, 0x0000000100000000)
  eden space 193536K, 0% used [0x00000000f0000000,0x00000000f0000000,0x00000000fbd00000)
  from space 35328K, 11% used [0x00000000fdd80000,0x00000000fe196170,0x0000000100000000)
  to   space 33280K, 0% used [0x00000000fbd00000,0x00000000fbd00000,0x00000000fdd80000)
 ParOldGen       total 524288K, used 133867K [0x00000000d0000000, 0x00000000f0000000, 0x00000000f0000000)
  object space 524288K, 25% used [0x00000000d0000000,0x00000000d82baff0,0x00000000f0000000)
 Metaspace       used 74418K, capacity 79248K, committed 79384K, reserved 1118208K
  class space    used 9611K, capacity 10981K, committed 11048K, reserved 1048576K
}
Event: 820.839 GC heap before
{Heap before GC invocations=64 (full 3):
 PSYoungGen      total 228864K, used 197544K [0x00000000f0000000, 0x0000000100000000, 0x0000000100000000)
  eden space 193536K, 99% used [0x00000000f0000000,0x00000000fbcd4240,0x00000000fbd00000)
  from space 35328K, 11% used [0x00000000fdd80000,0x00000000fe196170,0x0000000100000000)
  to   space 33280K, 0% used [0x00000000fbd00000,0x00000000fbd00000,0x00000000fdd80000)
 ParOldGen       total 524288K, used 133867K [0x00000000d0000000, 0x00000000f0000000, 0x00000000f0000000)
  object space 524288K, 25% used [0x00000000d0000000,0x00000000d82baff0,0x00000000f0000000)
 Metaspace       used 74418K, capacity 79248K, committed 79384K, reserved 1118208K
  class space    used 9611K, capacity 10981K, committed 11048K, reserved 1048576K
Event: 820.851 GC heap after
Heap after GC invocations=64 (full 3):
 PSYoungGen      total 226816K, used 5169K [0x00000000f0000000, 0x0000000100000000, 0x0000000100000000)
  eden space 193536K, 0% used [0x00000000f0000000,0x00000000f0000000,0x00000000fbd00000)
  from space 33280K, 15% used [0x00000000fbd00000,0x00000000fc20c480,0x00000000fdd80000)
  to   space 31232K, 0% used [0x00000000fe180000,0x00000000fe180000,0x0000000100000000)
 ParOldGen       total 524288K, used 133899K [0x00000000d0000000, 0x00000000f0000000, 0x00000000f0000000)
  object space 524288K, 25% used [0x00000000d0000000,0x00000000d82c2ff0,0x00000000f0000000)
 Metaspace       used 74418K, capacity 79248K, committed 79384K, reserved 1118208K
  class space    used 9611K, capacity 10981K, committed 11048K, reserved 1048576K
}
Event: 874.103 GC heap before
{Heap before GC invocations=65 (full 3):
 PSYoungGen      total 226816K, used 198705K [0x00000000f0000000, 0x0000000100000000, 0x0000000100000000)
  eden space 193536K, 100% used [0x00000000f0000000,0x00000000fbd00000,0x00000000fbd00000)
  from space 33280K, 15% used [0x00000000fbd00000,0x00000000fc20c480,0x00000000fdd80000)
  to   space 31232K, 0% used [0x00000000fe180000,0x00000000fe180000,0x0000000100000000)
 ParOldGen       total 524288K, used 133899K [0x00000000d0000000, 0x00000000f0000000, 0x00000000f0000000)
  object space 524288K, 25% used [0x00000000d0000000,0x00000000d82c2ff0,0x00000000f0000000)
 Metaspace       used 74878K, capacity 79756K, committed 80024K, reserved 1118208K
  class space    used 9665K, capacity 11055K, committed 11176K, reserved 1048576K
Event: 874.116 GC heap after
Heap after GC invocations=65 (full 3):
 PSYoungGen      total 231936K, used 10258K [0x00000000f0000000, 0x0000000100000000, 0x0000000100000000)
  eden space 200704K, 0% used [0x00000000f0000000,0x00000000f0000000,0x00000000fc400000)
  from space 31232K, 32% used [0x00000000fe180000,0x00000000feb84ad0,0x0000000100000000)
  to   space 30208K, 0% used [0x00000000fc400000,0x00000000fc400000,0x00000000fe180000)
 ParOldGen       total 524288K, used 133931K [0x00000000d0000000, 0x00000000f0000000, 0x00000000f0000000)
  object space 524288K, 25% used [0x00000000d0000000,0x00000000d82caff0,0x00000000f0000000)
 Metaspace       used 74878K, capacity 79756K, committed 80024K, reserved 1118208K
  class space    used 9665K, capacity 11055K, committed 11176K, reserved 1048576K
}
Event: 1333.272 GC heap before
{Heap before GC invocations=66 (full 3):
 PSYoungGen      total 231936K, used 210962K [0x00000000f0000000, 0x0000000100000000, 0x0000000100000000)
  eden space 200704K, 100% used [0x00000000f0000000,0x00000000fc400000,0x00000000fc400000)
  from space 31232K, 32% used [0x00000000fe180000,0x00000000feb84ad0,0x0000000100000000)
  to   space 30208K, 0% used [0x00000000fc400000,0x00000000fc400000,0x00000000fe180000)
 ParOldGen       total 524288K, used 133931K [0x00000000d0000000, 0x00000000f0000000, 0x00000000f0000000)
  object space 524288K, 25% used [0x00000000d0000000,0x00000000d82caff0,0x00000000f0000000)
 Metaspace       used 76951K, capacity 81958K, committed 82200K, reserved 1120256K
  class space    used 9808K, capacity 11212K, committed 11304K, reserved 1048576K
Event: 1333.290 GC heap after
Heap after GC invocations=66 (full 3):
 PSYoungGen      total 219648K, used 18437K [0x00000000f0000000, 0x0000000100000000, 0x0000000100000000)
  eden space 200704K, 0% used [0x00000000f0000000,0x00000000f0000000,0x00000000fc400000)
  from space 18944K, 97% used [0x00000000fc400000,0x00000000fd601450,0x00000000fd680000)
  to   space 31744K, 0% used [0x00000000fe100000,0x00000000fe100000,0x0000000100000000)
 ParOldGen       total 524288K, used 134132K [0x00000000d0000000, 0x00000000f0000000, 0x00000000f0000000)
  object space 524288K, 25% used [0x00000000d0000000,0x00000000d82fd000,0x00000000f0000000)
 Metaspace       used 76951K, capacity 81958K, committed 82200K, reserved 1120256K
  class space    used 9808K, capacity 11212K, committed 11304K, reserved 1048576K
}
Event: 1743.648 GC heap before
{Heap before GC invocations=67 (full 3):
 PSYoungGen      total 219648K, used 218709K [0x00000000f0000000, 0x0000000100000000, 0x0000000100000000)
  eden space 200704K, 99% used [0x00000000f0000000,0x00000000fc394130,0x00000000fc400000)
  from space 18944K, 97% used [0x00000000fc400000,0x00000000fd601450,0x00000000fd680000)
  to   space 31744K, 0% used [0x00000000fe100000,0x00000000fe100000,0x0000000100000000)
 ParOldGen       total 524288K, used 134132K [0x00000000d0000000, 0x00000000f0000000, 0x00000000f0000000)
  object space 524288K, 25% used [0x00000000d0000000,0x00000000d82fd000,0x00000000f0000000)
 Metaspace       used 78519K, capacity 83580K, committed 83736K, reserved 1122304K
  class space    used 9889K, capacity 11301K, committed 11304K, reserved 1048576K
Event: 1743.673 GC heap after
Heap after GC invocations=67 (full 3):
 PSYoungGen      total 222208K, used 26928K [0x00000000f0000000, 0x0000000100000000, 0x0000000100000000)
  eden space 190464K, 0% used [0x00000000f0000000,0x00000000f0000000,0x00000000fba00000)
  from space 31744K, 84% used [0x00000000fe100000,0x00000000ffb4c178,0x0000000100000000)
  to   space 35840K, 0% used [0x00000000fba00000,0x00000000fba00000,0x00000000fdd00000)
 ParOldGen       total 524288K, used 135013K [0x00000000d0000000, 0x00000000f0000000, 0x00000000f0000000)
  object space 524288K, 25% used [0x00000000d0000000,0x00000000d83d9508,0x00000000f0000000)
 Metaspace       used 78519K, capacity 83580K, committed 83736K, reserved 1122304K
  class space    used 9889K, capacity 11301K, committed 11304K, reserved 1048576K
}

