# JRE version: OpenJDK Runtime Environment (8.0_172-b11) (build 1.8.0_172-b11)
# Java VM: OpenJDK 64-Bit Server VM (25.172-b11 mixed mode linux-amd64 compressed oops)
Heap:
 PSYoungGen      total 212992K, used 68236K [0x00000000f0000000, 0x0000000100000000, 0x0000000100000000)
  eden space 160768K, 32% used [0x00000000f0000000,0x00000000f329bb08,0x00000000f9d00000)
  from space 52224K, 31% used [0x00000000fcd00000,0x00000000fdd07678,0x0000000100000000)
  to   space 49152K, 0% used [0x00000000f9d00000,0x00000000f9d00000,0x00000000fcd00000)
 ParOldGen       total 524288K, used 131946K [0x00000000d0000000, 0x00000000f0000000, 0x00000000f0000000)
  object space 524288K, 25% used [0x00000000d0000000,0x00000000d80da988,0x00000000f0000000)
 Metaspace       used 75478K, capacity 80356K, committed 80600K, reserved 1118208K
  class space    used 9692K, capacity 11215K, committed 11264K, reserved 1048576K
GC Heap History (10 events):
Event: 262.338 GC heap before
{Heap before GC invocations=49 (full 3):
 PSYoungGen      total 203776K, used 157340K [0x00000000f0000000, 0x0000000100000000, 0x0000000100000000)
  eden space 145920K, 99% used [0x00000000f0000000,0x00000000f8e0e4c0,0x00000000f8e80000)
  from space 57856K, 20% used [0x00000000f8e80000,0x00000000f9a18c68,0x00000000fc700000)
  to   space 56832K, 0% used [0x00000000fc880000,0x00000000fc880000,0x0000000100000000)
 ParOldGen       total 524288K, used 125148K [0x00000000d0000000, 0x00000000f0000000, 0x00000000f0000000)
  object space 524288K, 23% used [0x00000000d0000000,0x00000000d7a371b0,0x00000000f0000000)
 Metaspace       used 73682K, capacity 78206K, committed 78552K, reserved 1116160K
  class space    used 9462K, capacity 10905K, committed 11008K, reserved 1048576K
Event: 262.352 GC heap after
Heap after GC invocations=49 (full 3):
 PSYoungGen      total 206336K, used 10714K [0x00000000f0000000, 0x0000000100000000, 0x0000000100000000)
  eden space 149504K, 0% used [0x00000000f0000000,0x00000000f0000000,0x00000000f9200000)
  from space 56832K, 18% used [0x00000000fc880000,0x00000000fd2f68a8,0x0000000100000000)
  to   space 55808K, 0% used [0x00000000f9200000,0x00000000f9200000,0x00000000fc880000)
 ParOldGen       total 524288K, used 126466K [0x00000000d0000000, 0x00000000f0000000, 0x00000000f0000000)
  object space 524288K, 24% used [0x00000000d0000000,0x00000000d7b80868,0x00000000f0000000)
 Metaspace       used 73682K, capacity 78206K, committed 78552K, reserved 1116160K
  class space    used 9462K, capacity 10905K, committed 11008K, reserved 1048576K
}
Event: 269.642 GC heap before
{Heap before GC invocations=50 (full 3):
 PSYoungGen      total 206336K, used 160031K [0x00000000f0000000, 0x0000000100000000, 0x0000000100000000)
  eden space 149504K, 99% used [0x00000000f0000000,0x00000000f91d1600,0x00000000f9200000)
  from space 56832K, 18% used [0x00000000fc880000,0x00000000fd2f68a8,0x0000000100000000)
  to   space 55808K, 0% used [0x00000000f9200000,0x00000000f9200000,0x00000000fc880000)
 ParOldGen       total 524288K, used 126466K [0x00000000d0000000, 0x00000000f0000000, 0x00000000f0000000)
  object space 524288K, 24% used [0x00000000d0000000,0x00000000d7b80868,0x00000000f0000000)
 Metaspace       used 73711K, capacity 78294K, committed 78552K, reserved 1116160K
  class space    used 9464K, capacity 10909K, committed 11008K, reserved 1048576K
Event: 269.665 GC heap after
Heap after GC invocations=50 (full 3):
 PSYoungGen      total 205312K, used 9474K [0x00000000f0000000, 0x0000000100000000, 0x0000000100000000)
  eden space 149504K, 0% used [0x00000000f0000000,0x00000000f0000000,0x00000000f9200000)
  from space 55808K, 16% used [0x00000000f9200000,0x00000000f9b40928,0x00000000fc880000)
  to   space 54272K, 0% used [0x00000000fcb00000,0x00000000fcb00000,0x0000000100000000)
 ParOldGen       total 524288K, used 129614K [0x00000000d0000000, 0x00000000f0000000, 0x00000000f0000000)
  object space 524288K, 24% used [0x00000000d0000000,0x00000000d7e93970,0x00000000f0000000)
 Metaspace       used 73711K, capacity 78294K, committed 78552K, reserved 1116160K
  class space    used 9464K, capacity 10909K, committed 11008K, reserved 1048576K
}
Event: 285.999 GC heap before
{Heap before GC invocations=51 (full 3):
 PSYoungGen      total 205312K, used 158003K [0x00000000f0000000, 0x0000000100000000, 0x0000000100000000)
  eden space 149504K, 99% used [0x00000000f0000000,0x00000000f910c3d0,0x00000000f9200000)
  from space 55808K, 16% used [0x00000000f9200000,0x00000000f9b40928,0x00000000fc880000)
  to   space 54272K, 0% used [0x00000000fcb00000,0x00000000fcb00000,0x0000000100000000)
 ParOldGen       total 524288K, used 129614K [0x00000000d0000000, 0x00000000f0000000, 0x00000000f0000000)
  object space 524288K, 24% used [0x00000000d0000000,0x00000000d7e93970,0x00000000f0000000)
 Metaspace       used 73727K, capacity 78330K, committed 78552K, reserved 1116160K
  class space    used 9467K, capacity 10915K, committed 11008K, reserved 1048576K
Event: 286.010 GC heap after
Heap after GC invocations=51 (full 3):
 PSYoungGen      total 208896K, used 8029K [0x00000000f0000000, 0x0000000100000000, 0x0000000100000000)
  eden space 154624K, 0% used [0x00000000f0000000,0x00000000f0000000,0x00000000f9700000)
  from space 54272K, 14% used [0x00000000fcb00000,0x00000000fd2d7760,0x0000000100000000)
  to   space 53248K, 0% used [0x00000000f9700000,0x00000000f9700000,0x00000000fcb00000)
 ParOldGen       total 524288K, used 130193K [0x00000000d0000000, 0x00000000f0000000, 0x00000000f0000000)
  object space 524288K, 24% used [0x00000000d0000000,0x00000000d7f246b8,0x00000000f0000000)
 Metaspace       used 73727K, capacity 78330K, committed 78552K, reserved 1116160K
  class space    used 9467K, capacity 10915K, committed 11008K, reserved 1048576K
}
Event: 297.025 GC heap before
{Heap before GC invocations=52 (full 3):
 PSYoungGen      total 208896K, used 162653K [0x00000000f0000000, 0x0000000100000000, 0x0000000100000000)
  eden space 154624K, 100% used [0x00000000f0000000,0x00000000f9700000,0x00000000f9700000)
  from space 54272K, 14% used [0x00000000fcb00000,0x00000000fd2d7760,0x0000000100000000)
  to   space 53248K, 0% used [0x00000000f9700000,0x00000000f9700000,0x00000000fcb00000)
 ParOldGen       total 524288K, used 130193K [0x00000000d0000000, 0x00000000f0000000, 0x00000000f0000000)
  object space 524288K, 24% used [0x00000000d0000000,0x00000000d7f246b8,0x00000000f0000000)
 Metaspace       used 74108K, capacity 78880K, committed 79192K, reserved 1118208K
  class space    used 9538K, capacity 11022K, committed 11136K, reserved 1048576K
Event: 297.036 GC heap after
Heap after GC invocations=52 (full 3):
 PSYoungGen      total 207872K, used 7953K [0x00000000f0000000, 0x0000000100000000, 0x0000000100000000)
  eden space 154624K, 0% used [0x00000000f0000000,0x00000000f0000000,0x00000000f9700000)
  from space 53248K, 14% used [0x00000000f9700000,0x00000000f9ec4500,0x00000000fcb00000)
  to   space 52224K, 0% used [0x00000000fcd00000,0x00000000fcd00000,0x0000000100000000)
 ParOldGen       total 524288K, used 130233K [0x00000000d0000000, 0x00000000f0000000, 0x00000000f0000000)
  object space 524288K, 24% used [0x00000000d0000000,0x00000000d7f2e6b8,0x00000000f0000000)
 Metaspace       used 74108K, capacity 78880K, committed 79192K, reserved 1118208K
  class space    used 9538K, capacity 11022K, committed 11136K, reserved 1048576K
}
Event: 323.176 GC heap before
{Heap before GC invocations=53 (full 3):
 PSYoungGen      total 207872K, used 162577K [0x00000000f0000000, 0x0000000100000000, 0x0000000100000000)
  eden space 154624K, 100% used [0x00000000f0000000,0x00000000f9700000,0x00000000f9700000)
  from space 53248K, 14% used [0x00000000f9700000,0x00000000f9ec4500,0x00000000fcb00000)
  to   space 52224K, 0% used [0x00000000fcd00000,0x00000000fcd00000,0x0000000100000000)
 ParOldGen       total 524288K, used 130233K [0x00000000d0000000, 0x00000000f0000000, 0x00000000f0000000)
  object space 524288K, 24% used [0x00000000d0000000,0x00000000d7f2e6b8,0x00000000f0000000)
 Metaspace       used 75062K, capacity 79854K, committed 80088K, reserved 1118208K
  class space    used 9646K, capacity 11139K, committed 11264K, reserved 1048576K
Event: 323.194 GC heap after
Heap after GC invocations=53 (full 3):
 PSYoungGen      total 212992K, used 16413K [0x00000000f0000000, 0x0000000100000000, 0x0000000100000000)
  eden space 160768K, 0% used [0x00000000f0000000,0x00000000f0000000,0x00000000f9d00000)
  from space 52224K, 31% used [0x00000000fcd00000,0x00000000fdd07678,0x0000000100000000)
  to   space 49152K, 0% used [0x00000000f9d00000,0x00000000f9d00000,0x00000000fcd00000)
 ParOldGen       total 524288K, used 131946K [0x00000000d0000000, 0x00000000f0000000, 0x00000000f0000000)
  object space 524288K, 25% used [0x00000000d0000000,0x00000000d80da988,0x00000000f0000000)
 Metaspace       used 75062K, capacity 79854K, committed 80088K, reserved 1118208K
  class space    used 9646K, capacity 11139K, committed 11264K, reserved 1048576K
}

