# JRE version: OpenJDK Runtime Environment (8.0_172-b11) (build 1.8.0_172-b11)
# Java VM: OpenJDK 64-Bit Server VM (25.172-b11 mixed mode linux-amd64 compressed oops)
Heap:
 PSYoungGen      total 241152K, used 131818K [0x00000000f0000000, 0x0000000100000000, 0x0000000100000000)
  eden space 219136K, 58% used [0x00000000f0000000,0x00000000f7ccfa30,0x00000000fd600000)
  from space 22016K, 18% used [0x00000000fea80000,0x00000000fee6b1b8,0x0000000100000000)
  to   space 20992K, 0% used [0x00000000fd600000,0x00000000fd600000,0x00000000fea80000)
 ParOldGen       total 524288K, used 139480K [0x00000000d0000000, 0x00000000f0000000, 0x00000000f0000000)
  object space 524288K, 26% used [0x00000000d0000000,0x00000000d88363f8,0x00000000f0000000)
 Metaspace       used 76802K, capacity 82410K, committed 82584K, reserved 1120256K
  class space    used 10001K, capacity 11620K, committed 11688K, reserved 1048576K
GC Heap History (10 events):
Event: 780.750 GC heap before
{Heap before GC invocations=69 (full 3):
 PSYoungGen      total 230400K, used 204457K [0x00000000f0000000, 0x0000000100000000, 0x0000000100000000)
  eden space 200192K, 99% used [0x00000000f0000000,0x00000000fc36b2d8,0x00000000fc380000)
  from space 30208K, 14% used [0x00000000fc380000,0x00000000fc7bf460,0x00000000fe100000)
  to   space 28160K, 0% used [0x00000000fe480000,0x00000000fe480000,0x0000000100000000)
 ParOldGen       total 524288K, used 139036K [0x00000000d0000000, 0x00000000f0000000, 0x00000000f0000000)
  object space 524288K, 26% used [0x00000000d0000000,0x00000000d87c73e8,0x00000000f0000000)
 Metaspace       used 75351K, capacity 80696K, committed 80792K, reserved 1118208K
  class space    used 9831K, capacity 11396K, committed 11432K, reserved 1048576K
Event: 780.762 GC heap after
Heap after GC invocations=69 (full 3):
 PSYoungGen      total 235520K, used 5060K [0x00000000f0000000, 0x0000000100000000, 0x0000000100000000)
  eden space 207360K, 0% used [0x00000000f0000000,0x00000000f0000000,0x00000000fca80000)
  from space 28160K, 17% used [0x00000000fe480000,0x00000000fe9711b8,0x0000000100000000)
  to   space 26624K, 0% used [0x00000000fca80000,0x00000000fca80000,0x00000000fe480000)
 ParOldGen       total 524288K, used 139076K [0x00000000d0000000, 0x00000000f0000000, 0x00000000f0000000)
  object space 524288K, 26% used [0x00000000d0000000,0x00000000d87d13e8,0x00000000f0000000)
 Metaspace       used 75351K, capacity 80696K, committed 80792K, reserved 1118208K
  class space    used 9831K, capacity 11396K, committed 11432K, reserved 1048576K
}
Event: 793.496 GC heap before
{Heap before GC invocations=70 (full 3):
 PSYoungGen      total 235520K, used 212420K [0x00000000f0000000, 0x0000000100000000, 0x0000000100000000)
  eden space 207360K, 100% used [0x00000000f0000000,0x00000000fca80000,0x00000000fca80000)
  from space 28160K, 17% used [0x00000000fe480000,0x00000000fe9711b8,0x0000000100000000)
  to   space 26624K, 0% used [0x00000000fca80000,0x00000000fca80000,0x00000000fe480000)
 ParOldGen       total 524288K, used 139076K [0x00000000d0000000, 0x00000000f0000000, 0x00000000f0000000)
  object space 524288K, 26% used [0x00000000d0000000,0x00000000d87d13e8,0x00000000f0000000)
 Metaspace       used 75383K, capacity 80762K, committed 80792K, reserved 1118208K
  class space    used 9837K, capacity 11407K, committed 11432K, reserved 1048576K
Event: 793.505 GC heap after
Heap after GC invocations=70 (full 3):
 PSYoungGen      total 233984K, used 5124K [0x00000000f0000000, 0x0000000100000000, 0x0000000100000000)
  eden space 207360K, 0% used [0x00000000f0000000,0x00000000f0000000,0x00000000fca80000)
  from space 26624K, 19% used [0x00000000fca80000,0x00000000fcf81110,0x00000000fe480000)
  to   space 25088K, 0% used [0x00000000fe780000,0x00000000fe780000,0x0000000100000000)
 ParOldGen       total 524288K, used 139108K [0x00000000d0000000, 0x00000000f0000000, 0x00000000f0000000)
  object space 524288K, 26% used [0x00000000d0000000,0x00000000d87d93e8,0x00000000f0000000)
 Metaspace       used 75383K, capacity 80762K, committed 80792K, reserved 1118208K
  class space    used 9837K, capacity 11407K, committed 11432K, reserved 1048576K
}
Event: 806.855 GC heap before
{Heap before GC invocations=71 (full 3):
 PSYoungGen      total 233984K, used 212460K [0x00000000f0000000, 0x0000000100000000, 0x0000000100000000)
  eden space 207360K, 99% used [0x00000000f0000000,0x00000000fca7a038,0x00000000fca80000)
  from space 26624K, 19% used [0x00000000fca80000,0x00000000fcf81110,0x00000000fe480000)
  to   space 25088K, 0% used [0x00000000fe780000,0x00000000fe780000,0x0000000100000000)
 ParOldGen       total 524288K, used 139108K [0x00000000d0000000, 0x00000000f0000000, 0x00000000f0000000)
  object space 524288K, 26% used [0x00000000d0000000,0x00000000d87d93e8,0x00000000f0000000)
 Metaspace       used 75414K, capacity 80858K, committed 81048K, reserved 1118208K
  class space    used 9846K, capacity 11423K, committed 11432K, reserved 1048576K
Event: 806.870 GC heap after
Heap after GC invocations=71 (full 3):
 PSYoungGen      total 238592K, used 3794K [0x00000000f0000000, 0x0000000100000000, 0x0000000100000000)
  eden space 213504K, 0% used [0x00000000f0000000,0x00000000f0000000,0x00000000fd080000)
  from space 25088K, 15% used [0x00000000fe780000,0x00000000feb34ae8,0x0000000100000000)
  to   space 23552K, 0% used [0x00000000fd080000,0x00000000fd080000,0x00000000fe780000)
 ParOldGen       total 524288K, used 139132K [0x00000000d0000000, 0x00000000f0000000, 0x00000000f0000000)
  object space 524288K, 26% used [0x00000000d0000000,0x00000000d87df3e8,0x00000000f0000000)
 Metaspace       used 75414K, capacity 80858K, committed 81048K, reserved 1118208K
  class space    used 9846K, capacity 11423K, committed 11432K, reserved 1048576K
}
Event: 934.835 GC heap before
{Heap before GC invocations=72 (full 3):
 PSYoungGen      total 238592K, used 216955K [0x00000000f0000000, 0x0000000100000000, 0x0000000100000000)
  eden space 213504K, 99% used [0x00000000f0000000,0x00000000fd02a120,0x00000000fd080000)
  from space 25088K, 15% used [0x00000000fe780000,0x00000000feb34ae8,0x0000000100000000)
  to   space 23552K, 0% used [0x00000000fd080000,0x00000000fd080000,0x00000000fe780000)
 ParOldGen       total 524288K, used 139132K [0x00000000d0000000, 0x00000000f0000000, 0x00000000f0000000)
  object space 524288K, 26% used [0x00000000d0000000,0x00000000d87df3e8,0x00000000f0000000)
 Metaspace       used 75415K, capacity 80858K, committed 81048K, reserved 1118208K
  class space    used 9846K, capacity 11423K, committed 11432K, reserved 1048576K
Event: 934.843 GC heap after
Heap after GC invocations=72 (full 3):
 PSYoungGen      total 237056K, used 5751K [0x00000000f0000000, 0x0000000100000000, 0x0000000100000000)
  eden space 213504K, 0% used [0x00000000f0000000,0x00000000f0000000,0x00000000fd080000)
  from space 23552K, 24% used [0x00000000fd080000,0x00000000fd61deb8,0x00000000fe780000)
  to   space 22016K, 0% used [0x00000000fea80000,0x00000000fea80000,0x0000000100000000)
 ParOldGen       total 524288K, used 139456K [0x00000000d0000000, 0x00000000f0000000, 0x00000000f0000000)
  object space 524288K, 26% used [0x00000000d0000000,0x00000000d88303f8,0x00000000f0000000)
 Metaspace       used 75415K, capacity 80858K, committed 81048K, reserved 1118208K
  class space    used 9846K, capacity 11423K, committed 11432K, reserved 1048576K
}
Event: 1076.508 GC heap before
{Heap before GC invocations=73 (full 3):
 PSYoungGen      total 237056K, used 219239K [0x00000000f0000000, 0x0000000100000000, 0x0000000100000000)
  eden space 213504K, 99% used [0x00000000f0000000,0x00000000fd07bf58,0x00000000fd080000)
  from space 23552K, 24% used [0x00000000fd080000,0x00000000fd61deb8,0x00000000fe780000)
  to   space 22016K, 0% used [0x00000000fea80000,0x00000000fea80000,0x0000000100000000)
 ParOldGen       total 524288K, used 139456K [0x00000000d0000000, 0x00000000f0000000, 0x00000000f0000000)
  object space 524288K, 26% used [0x00000000d0000000,0x00000000d88303f8,0x00000000f0000000)
 Metaspace       used 75529K, capacity 81072K, committed 81176K, reserved 1118208K
  class space    used 9871K, capacity 11470K, committed 11560K, reserved 1048576K
Event: 1076.516 GC heap after
Heap after GC invocations=73 (full 3):
 PSYoungGen      total 241152K, used 4012K [0x00000000f0000000, 0x0000000100000000, 0x0000000100000000)
  eden space 219136K, 0% used [0x00000000f0000000,0x00000000f0000000,0x00000000fd600000)
  from space 22016K, 18% used [0x00000000fea80000,0x00000000fee6b1b8,0x0000000100000000)
  to   space 20992K, 0% used [0x00000000fd600000,0x00000000fd600000,0x00000000fea80000)
 ParOldGen       total 524288K, used 139480K [0x00000000d0000000, 0x00000000f0000000, 0x00000000f0000000)
  object space 524288K, 26% used [0x00000000d0000000,0x00000000d88363f8,0x00000000f0000000)
 Metaspace       used 75529K, capacity 81072K, committed 81176K, reserved 1118208K
  class space    used 9871K, capacity 11470K, committed 11560K, reserved 1048576K
}

